Performing C SOURCE FILE Test CMAKE_HAVE_LIBC_PTHREAD failed with the following output:
Change Dir: /home/comp1/CLionProjects/System-software/lab3-12.06.21/cmake-build-debug/CMakeFiles/CMakeTmp

Run Build Command(s):/usr/bin/make cmTC_a42d9/fast && /usr/bin/make  -f CMakeFiles/cmTC_a42d9.dir/build.make CMakeFiles/cmTC_a42d9.dir/build
make[1]: вход в каталог «/home/comp1/CLionProjects/System-software/lab3-12.06.21/cmake-build-debug/CMakeFiles/CMakeTmp»
Building C object CMakeFiles/cmTC_a42d9.dir/src.c.o
/usr/bin/cc -DCMAKE_HAVE_LIBC_PTHREAD  -std=gnu11 -o CMakeFiles/cmTC_a42d9.dir/src.c.o -c /home/comp1/CLionProjects/System-software/lab3-12.06.21/cmake-build-debug/CMakeFiles/CMakeTmp/src.c
Linking C executable cmTC_a42d9
/snap/clion/152/bin/cmake/linux/bin/cmake -E cmake_link_script CMakeFiles/cmTC_a42d9.dir/link.txt --verbose=1
/usr/bin/cc CMakeFiles/cmTC_a42d9.dir/src.c.o -o cmTC_a42d9 
/usr/bin/ld: CMakeFiles/cmTC_a42d9.dir/src.c.o: в функции «main»:
src.c:(.text+0x46): неопределённая ссылка на «pthread_create»
/usr/bin/ld: src.c:(.text+0x52): неопределённая ссылка на «pthread_detach»
/usr/bin/ld: src.c:(.text+0x5e): неопределённая ссылка на «pthread_cancel»
/usr/bin/ld: src.c:(.text+0x6f): неопределённая ссылка на «pthread_join»
collect2: error: ld returned 1 exit status
make[1]: *** [CMakeFiles/cmTC_a42d9.dir/build.make:106: cmTC_a42d9] Ошибка 1
make[1]: выход из каталога «/home/comp1/CLionProjects/System-software/lab3-12.06.21/cmake-build-debug/CMakeFiles/CMakeTmp»
make: *** [Makefile:140: cmTC_a42d9/fast] Ошибка 2


Source file was:
#include <pthread.h>

static void* test_func(void* data)
{
  return data;
}

int main(void)
{
  pthread_t thread;
  pthread_create(&thread, NULL, test_func, NULL);
  pthread_detach(thread);
  pthread_cancel(thread);
  pthread_join(thread, NULL);
  pthread_atfork(NULL, NULL, NULL);
  pthread_exit(NULL);

  return 0;
}

